 << Building Project V : 7400 >> 
                                 ***************************************************                             
Codejock Software path Not Valid 
 << Building Project V : 7400 >> 
                                 ***************************************************                             
Updated Path Environement ! 
                                 ***************************************************                             
Updated Microsoft.cpp files  ! 
C:\Program Files (x86)\MSBuild\Microsoft\VisualStudio\v12.0\CodeAnalysis\Microsoft.CodeAnalysis.targets(214,5): error MSB4175: The task factory "CodeTaskFactory" could not be loaded from the assembly "C:\Windows\Microsoft.NET\Framework64\v4.0.30319\Microsoft.Build.Tasks.v12.0.dll". Could not load file or assembly 'file:///C:\Windows\Microsoft.NET\Framework64\v4.0.30319\Microsoft.Build.Tasks.v12.0.dll' or one of its dependencies. The system cannot find the file specified. [D:\TFS\Version_74_0_0\LVTradingSystem\Shared\LVResources\LVResources.vcxproj]
D:\TFS\Version_74_0_0\Linedata\Shared\Linedata.Shared\Security\CertificateSupport.cs(16,1): error : SA1507 : CSharp.Layout : The code must not contain multiple blank lines in a row. [D:\TFS\Version_74_0_0\Linedata\Shared\Linedata.Shared\Linedata.Shared.csproj]
C:\Program Files (x86)\MSBuild\Microsoft\VisualStudio\v12.0\CodeAnalysis\Microsoft.CodeAnalysis.targets(214,5): error MSB4175: The task factory "CodeTaskFactory" could not be loaded from the assembly "C:\Windows\Microsoft.NET\Framework64\v4.0.30319\Microsoft.Build.Tasks.v12.0.dll". Could not load file or assembly 'file:///C:\Windows\Microsoft.NET\Framework64\v4.0.30319\Microsoft.Build.Tasks.v12.0.dll' or one of its dependencies. The system cannot find the file specified. [D:\TFS\Version_74_0_0\LVTradingSystem\Shared\LVDbFields\LVDbFields.vcxproj]
C:\Program Files (x86)\MSBuild\Microsoft\VisualStudio\v12.0\CodeAnalysis\Microsoft.CodeAnalysis.targets(214,5): error MSB4175: The task factory "CodeTaskFactory" could not be loaded from the assembly "C:\Windows\Microsoft.NET\Framework64\v4.0.30319\Microsoft.Build.Tasks.v12.0.dll". Could not load file or assembly 'file:///C:\Windows\Microsoft.NET\Framework64\v4.0.30319\Microsoft.Build.Tasks.v12.0.dll' or one of its dependencies. The system cannot find the file specified. [D:\TFS\Version_74_0_0\LVTradingSystem\Shared\LVTemplateFields\LVTemplateFields.vcxproj]
C:\Program Files (x86)\MSBuild\Microsoft\VisualStudio\v12.0\CodeAnalysis\Microsoft.CodeAnalysis.targets(214,5): error MSB4175: The task factory "CodeTaskFactory" could not be loaded from the assembly "C:\Windows\Microsoft.NET\Framework64\v4.0.30319\Microsoft.Build.Tasks.v12.0.dll". Could not load file or assembly 'file:///C:\Windows\Microsoft.NET\Framework64\v4.0.30319\Microsoft.Build.Tasks.v12.0.dll' or one of its dependencies. The system cannot find the file specified. [D:\TFS\Version_74_0_0\LVTradingSystem\Shared\LVInterfaces\LVInterfaces.vcxproj]
C:\Windows\Microsoft.NET\Framework64\v4.0.30319\Microsoft.Common.targets(4291,5): error MSB3073: The command "D:\TFS\Version_74_0_0\Debug\bin\HostSideAdapters\..\Linedata.Util.Pipelinebuilder.exe GeneratePipeline" exited with code -1. [D:\TFS\Version_74_0_0\Linedata\Client\AddIn\Linedata.Client.Addin.HostSideAdapters\Linedata.Client.AddIn.HostSideAdapters.csproj]
OracleDbConnection.cs(15,11): error CS0246: The type or namespace name 'Oracle' could not be found (are you missing a using directive or an assembly reference?) [D:\TFS\Version_74_0_0\Linedata\Server\DbProcs\DbClasses.Oracle\Linedata.Server.OracleDbClasses.csproj]
OracleDbFactory.cs(13,11): error CS0246: The type or namespace name 'Oracle' could not be found (are you missing a using directive or an assembly reference?) [D:\TFS\Version_74_0_0\Linedata\Server\DbProcs\DbClasses.Oracle\Linedata.Server.OracleDbClasses.csproj]
OracleDbConnection.cs(22,33): error CS0246: The type or namespace name 'OracleClientFactory' could not be found (are you missing a using directive or an assembly reference?) [D:\TFS\Version_74_0_0\Linedata\Server\DbProcs\DbClasses.Oracle\Linedata.Server.OracleDbClasses.csproj]
OracleDbConnection.cs(185,54): error CS0246: The type or namespace name 'OracleInfoMessageEventArgs' could not be found (are you missing a using directive or an assembly reference?) [D:\TFS\Version_74_0_0\Linedata\Server\DbProcs\DbClasses.Oracle\Linedata.Server.OracleDbClasses.csproj]
OracleDbFactory.cs(17,43): error CS0246: The type or namespace name 'OracleDbType' could not be found (are you missing a using directive or an assembly reference?) [D:\TFS\Version_74_0_0\Linedata\Server\DbProcs\DbClasses.Oracle\Linedata.Server.OracleDbClasses.csproj]
C:\Program Files (x86)\MSBuild\Microsoft\VisualStudio\v12.0\CodeAnalysis\Microsoft.CodeAnalysis.targets(214,5): error MSB4175: The task factory "CodeTaskFactory" could not be loaded from the assembly "C:\Windows\Microsoft.NET\Framework64\v4.0.30319\Microsoft.Build.Tasks.v12.0.dll". Could not load file or assembly 'file:///C:\Windows\Microsoft.NET\Framework64\v4.0.30319\Microsoft.Build.Tasks.v12.0.dll' or one of its dependencies. The system cannot find the file specified. [D:\TFS\Version_74_0_0\Database\Loads API\Loads API.vcxproj]
